199097737
199584533
199253909
199712731
199690573
199047391
199098877
199858081
199821697
199772887
199187321
199032997
199787659
199181651
199344997
199610111
199337639
199102373
199458137
199054943
199650827
199179709
199027889
199519561
199766843
199781921
199510219
199833587
199855351
199480991
199198957
199353223
199131041
199243379
199141171
199970879
199009661
199869457
199922479
199754491
199574281
199922089
199376603
199740227
199869353
199520869
199379233
199488437
199762891
199694221
199596109
199539397
199233743
199611281
199062319
199403819
199421819
199829381
199017121
199494353
199332751
199893139
199490957
199364401
199626247
199624301
199241611
199869781
199568441
199175371
199252423
199670201
199785211
199415087
199608257
199573247
199346923
199205651
199442333
199785007
199083749
199251473
199527883
199529909
199116157
199970291
199726853
199149581
199844759
199150573
199922543
199600633
199105121
199656011
199107617
199660523
199191719
199508909
199533263
199426229
199875821
199821637
199661983
199291577
199414763
199517809
199050979
199298623
199022771
199497971
199332923
199931107
199776139
199722577
199128563
199238329
199136111
199714439
199509491
199941017
199947841
199950677
199949923
199938889
199347583
199884469
199993357
199904249
199361027
199312279
199182481
199520947
199365107
199851107
199572349
199579309
199176121
199216783
199928101
199841237
199243459
199734253
199397629
199923391
199226899
199275337
199278119
199279127
199634581
199757251
199852337
199257167
199323871
199844501
199270997
199762039
199340279
199990103
199321319
199267879
199848931
199644847
199130903
199882961
199507403
199232681
199123303
199210589
199360739
199836631
199217449
199210009
199152781
199175087
199503181
199099781
199200979
199001353
199451171
199325047
199189993
199443341
199980037
199615561
199171909
199616353
199317719
199838057
199614587
199191073
199297363
199549499
199280021
199655011
199317347
199080991
199693693
199908733
199971587
199279051
199193699
199104797
199172371
199929563
199338449
199381643
199118627
199148737
199058393
199411937
199861897
199953449
199434553
199180237
199085213
199119721
199584817
199013231
199527593
199547083
199413437
199987573
199391161
199246933
199150561
199186829
199497589
199015693
199585871
199038221
199533661
199069573
199909387
199428287
199466881
199670689
199638601
199098769
199169701
199555033
199882901
199141819
199476707
199803511
199682999
199840939
199056251
199170269
199077449
199995443
199319077
199749757
199654933
199116877
199749427
199719101
199830791
199265051
199637513
199832327
199011749
199322021
199059187
199897639
199033787
199157593
199447709
199778699
199000271
199461319
199339097
199481987
199283137
199322257
199572781
199305173
199032857
199010803
199549589
199135799
199947271
199741093
199077817
199484861
199188179
199254053
199908829
199383559
199768249
199556087
199420313
199148503
199012249
199663537
199779989
199859563
199212023
199739321
199625663
199379359
199394431
199869067
199215739
199128847
199268683
199270541
199359841
199327951
199316969
199330939
199603951
199715567
199265023
199708279
199025581
199285561
199581539
199581911
199269649
199209223
199026643
199461001
199464827
199632233
199694137
199757237
199460873
199842623
199256377
199586441
199666283
199017461
199128131
199773701
199255423
199419371
199462621
199860769
199640533
199677431
199282841
199848301
199815197
199736491
199880827
2
3
3
5
47
